xb332
*   d705dbe 9
|\  
| *   68fe661 8
| |\  
| * | 35a6a50 5
* | |   53f7bc9 7
|\ \ \  
| | |/  
| |/|   
| * |   2286dd0 4
| |\ \  
| | |/  
| | * 4ab92ee 2
* | | b17ac72 6
|/ /  
* | a29d84c 3
|/  
* e383d14 1st commit

yc2462
*   c1b0814 9th commit
|\  
| *   a2801a5 7th commit
| |\  
| * | 2ce344b 6th commit
* | |   e1f5a6f 8th commit
|\ \ \  
| | |/  
| |/|   
| * |   a769239 4th commit
| |\ \  
| | |/  
| |/|   
| * | d144477 3rd commit
* | | 0fc4a7a 5th commit
| |/  
|/|   
* | c5b5391 2nd commit
|/  
* 613b2b7 first commit

yl3438
*   3adb873 commit 5, master
|\  
| *   9095554 commit 4a, t1
| |\  
| * | ce6b705 commit 3a, t1
* | |   53b542b commit 4b, master
|\ \ \  
| | |/  
| |/|   
| * |   c12941f commit 3b, t2
| |\ \  
| | |/  
| |/|   
| * | 04dc15b commit 2a, t1
* | | 29dd98b commit 3c, master
| |/  
|/|   
* | 56d05cc commit 2b, master
|/  
* 83799d8 commit 1

ys2380
*   f2340c9 lv5
|\  
| *   b725d40 lv4-1
| |\  
| * | 1ec251f lv3-1
* | |   d315d6d lv4-2
|\ \ \  
| | |/  
| |/|   
| * |   3474d76 lv3
| |\ \  
| | |/  
| | * 86fb40a lv2-1
* | | 9b894bf lv3-2
|/ /  
* | ff3bd3d lv2-2
|/  
* f0139b1 1st commit (1st on master)
